1525483232628	geckodriver	INFO	geckodriver 0.20.1
1525483232633	geckodriver	INFO	Listening on 127.0.0.1:37964
1525483233633	mozrunner::runner	INFO	Running command: "/usr/bin/firefox" "-marionette" "--headless" "-profile" "/tmp/rust_mozprofile.vJ5LSTWbAHLK"
*** You are running in headless mode.
1525483234060	Marionette	INFO	Enabled via --marionette
1525483235206	Marionette	INFO	Listening on port 40984
1525483235256	Marionette	WARN	TLS certificate errors will be ignored for this session
*** UTM:SVC TimerManager:registerTimer called after profile-before-change notification. Ignoring timer registration for id: telemetry_modules_ping
1525483958540	geckodriver	INFO	geckodriver 0.20.1
1525483958553	geckodriver	INFO	Listening on 127.0.0.1:52710
1525483959544	mozrunner::runner	INFO	Running command: "/usr/bin/firefox" "-marionette" "--headless" "-profile" "/tmp/rust_mozprofile.fKol7B5UVfwK"
*** You are running in headless mode.
1525483960232	Marionette	INFO	Enabled via --marionette
1525483962232	Marionette	INFO	Listening on port 39055
1525483962300	Marionette	WARN	TLS certificate errors will be ignored for this session
1525484038725	geckodriver	INFO	geckodriver 0.20.1
1525484038729	geckodriver	INFO	Listening on 127.0.0.1:55793
1525484039730	mozrunner::runner	INFO	Running command: "/usr/bin/firefox" "-marionette" "--headless" "-profile" "/tmp/rust_mozprofile.pNL4YmH1Gl1u"
*** You are running in headless mode.
1525484040366	Marionette	INFO	Enabled via --marionette
1525484042912	Marionette	INFO	Listening on port 33952
1525484042976	Marionette	WARN	TLS certificate errors will be ignored for this session
1525484397816	geckodriver	INFO	geckodriver 0.20.1
1525484397832	geckodriver	INFO	Listening on 127.0.0.1:55248
1525484398809	mozrunner::runner	INFO	Running command: "/usr/bin/firefox" "-marionette" "--headless" "-profile" "/tmp/rust_mozprofile.jGPzqWB98G3y"
*** You are running in headless mode.
1525484399824	Marionette	INFO	Enabled via --marionette
1525484402112	Marionette	INFO	Listening on port 35765
1525484402192	Marionette	WARN	TLS certificate errors will be ignored for this session
[Parent 22377, Gecko_IOThread] WARNING: pipe error: Broken pipe: file /build/firefox-BgGWsI/firefox-59.0.2+build1/ipc/chromium/src/chrome/common/ipc_channel_posix.cc, line 709
*** UTM:SVC TimerManager:registerTimer called after profile-before-change notification. Ignoring timer registration for id: telemetry_modules_ping
1525484654159	geckodriver	INFO	geckodriver 0.20.1
1525484654170	geckodriver	INFO	Listening on 127.0.0.1:57810
1525484655161	mozrunner::runner	INFO	Running command: "/usr/bin/firefox" "-marionette" "--headless" "-profile" "/tmp/rust_mozprofile.ziVVxPfpdFt9"
*** You are running in headless mode.
1525484656100	Marionette	INFO	Enabled via --marionette
1525484658268	Marionette	INFO	Listening on port 43969
1525484658328	Marionette	WARN	TLS certificate errors will be ignored for this session
JavaScript warning: https://yummy.consumable.com/3541/cnsmbl-audio-728x90-slider/widget/iframe.js?cb=1525484665790, line 1: Error: WebGL warning: Can't use WebGL in headless mode (https://bugzil.la/1375585).
JavaScript warning: https://yummy.consumable.com/3541/cnsmbl-audio-728x90-slider/widget/iframe.js?cb=1525484665790, line 1: Error: WebGL warning: Failed to create WebGL context: WebGL creation failed: 
* Can't use WebGL in headless mode (https://bugzil.la/1375585).
JavaScript warning: https://yummy.consumable.com/3541/cnsmbl-audio-728x90-slider/widget/iframe.js?cb=1525484665790, line 1: Error: WebGL warning: Can't use WebGL in headless mode (https://bugzil.la/1375585).
JavaScript warning: https://yummy.consumable.com/3541/cnsmbl-audio-728x90-slider/widget/iframe.js?cb=1525484665790, line 1: Error: WebGL warning: Failed to create WebGL context: WebGL creation failed: 
* Can't use WebGL in headless mode (https://bugzil.la/1375585).

###!!! [Child][RunMessage] Error: Channel closing: too late to send/recv, messages will be lost


###!!! [Child][RunMessage] Error: Channel closing: too late to send/recv, messages will be lost


###!!! [Child][RunMessage] Error: Channel closing: too late to send/recv, messages will be lost


###!!! [Child][RunMessage] Error: Channel closing: too late to send/recv, messages will be lost


###!!! [Child][RunMessage] Error: Channel closing: too late to send/recv, messages will be lost


###!!! [Child][RunMessage] Error: Channel closing: too late to send/recv, messages will be lost

*** UTM:SVC TimerManager:registerTimer called after profile-before-change notification. Ignoring timer registration for id: telemetry_modules_ping
1525484687992	geckodriver	INFO	geckodriver 0.20.1
1525484688002	geckodriver	INFO	Listening on 127.0.0.1:55761
1525484688999	mozrunner::runner	INFO	Running command: "/usr/bin/firefox" "-marionette" "--headless" "-profile" "/tmp/rust_mozprofile.trwLfJmaJ6Ed"
*** You are running in headless mode.
1525484689744	Marionette	INFO	Enabled via --marionette
1525484691678	Marionette	INFO	Listening on port 35094
1525484691746	Marionette	WARN	TLS certificate errors will be ignored for this session
JavaScript warning: https://yummy.consumable.com/3541/cnsmbl-audio-728x90-slider/widget/iframe.js?cb=1525484698126, line 1: Error: WebGL warning: Can't use WebGL in headless mode (https://bugzil.la/1375585).
JavaScript warning: https://yummy.consumable.com/3541/cnsmbl-audio-728x90-slider/widget/iframe.js?cb=1525484698126, line 1: Error: WebGL warning: Failed to create WebGL context: WebGL creation failed: 
* Can't use WebGL in headless mode (https://bugzil.la/1375585).
JavaScript warning: https://yummy.consumable.com/3541/cnsmbl-audio-728x90-slider/widget/iframe.js?cb=1525484698126, line 1: Error: WebGL warning: Can't use WebGL in headless mode (https://bugzil.la/1375585).
JavaScript warning: https://yummy.consumable.com/3541/cnsmbl-audio-728x90-slider/widget/iframe.js?cb=1525484698126, line 1: Error: WebGL warning: Failed to create WebGL context: WebGL creation failed: 
* Can't use WebGL in headless mode (https://bugzil.la/1375585).
*** UTM:SVC TimerManager:registerTimer called after profile-before-change notification. Ignoring timer registration for id: telemetry_modules_ping
1525484810957	geckodriver	INFO	geckodriver 0.20.1
1525484810962	geckodriver	INFO	Listening on 127.0.0.1:45475
1525484811962	mozrunner::runner	INFO	Running command: "/usr/bin/firefox" "-marionette" "--headless" "-profile" "/tmp/rust_mozprofile.wkgk0g5FdPeY"
*** You are running in headless mode.
1525484812784	Marionette	INFO	Enabled via --marionette
1525484814754	Marionette	INFO	Listening on port 36769
1525484814796	Marionette	WARN	TLS certificate errors will be ignored for this session
JavaScript warning: https://yummy.consumable.com/3541/cnsmbl-audio-728x90-slider/widget/iframe.js?cb=1525484819914, line 1: Error: WebGL warning: Can't use WebGL in headless mode (https://bugzil.la/1375585).
JavaScript warning: https://yummy.consumable.com/3541/cnsmbl-audio-728x90-slider/widget/iframe.js?cb=1525484819914, line 1: Error: WebGL warning: Failed to create WebGL context: WebGL creation failed: 
* Can't use WebGL in headless mode (https://bugzil.la/1375585).
JavaScript warning: https://yummy.consumable.com/3541/cnsmbl-audio-728x90-slider/widget/iframe.js?cb=1525484819914, line 1: Error: WebGL warning: Can't use WebGL in headless mode (https://bugzil.la/1375585).
JavaScript warning: https://yummy.consumable.com/3541/cnsmbl-audio-728x90-slider/widget/iframe.js?cb=1525484819914, line 1: Error: WebGL warning: Failed to create WebGL context: WebGL creation failed: 
* Can't use WebGL in headless mode (https://bugzil.la/1375585).
1525484833221	geckodriver	INFO	geckodriver 0.20.1
1525484833241	geckodriver	INFO	Listening on 127.0.0.1:37876
1525484834224	mozrunner::runner	INFO	Running command: "/usr/bin/firefox" "-marionette" "--headless" "-profile" "/tmp/rust_mozprofile.spAwpYxYnEK5"
*** You are running in headless mode.
1525484843188	Marionette	INFO	Enabled via --marionette
JavaScript error: chrome://browser/content/browser.js, line 6673: TypeError: cannot use the given object as a weak map key
ExceptionHandler::GenerateDump cloned child 12713
ExceptionHandler::SendContinueSignalToChild sent continue signal to child
ExceptionHandler::WaitForContinueSignal waiting for continue signal...
[Parent 7580, Gecko_IOThread] WARNING: pipe error: Broken pipe: file /build/firefox-BgGWsI/firefox-59.0.2+build1/ipc/chromium/src/chrome/common/ipc_channel_posix.cc, line 709
[Parent 7580, Gecko_IOThread] WARNING: pipe error: Broken pipe: file /build/firefox-BgGWsI/firefox-59.0.2+build1/ipc/chromium/src/chrome/common/ipc_channel_posix.cc, line 709
[Parent 7580, Gecko_IOThread] WARNING: pipe error: Broken pipe: file /build/firefox-BgGWsI/firefox-59.0.2+build1/ipc/chromium/src/chrome/common/ipc_channel_posix.cc, line 709
[Parent 7580, Gecko_IOThread] WARNING: pipe error: Broken pipe: file /build/firefox-BgGWsI/firefox-59.0.2+build1/ipc/chromium/src/chrome/common/ipc_channel_posix.cc, line 709
[Parent 7580, Gecko_IOThread] WARNING: pipe error: Broken pipe: file /build/firefox-BgGWsI/firefox-59.0.2+build1/ipc/chromium/src/chrome/common/ipc_channel_posix.cc, line 709
[Parent 7580, Gecko_IOThread] WARNING: pipe error: Broken pipe: file /build/firefox-BgGWsI/firefox-59.0.2+build1/ipc/chromium/src/chrome/common/ipc_channel_posix.cc, line 709
[Parent 7580, Gecko_IOThread] WARNING: pipe error: Broken pipe: file /build/firefox-BgGWsI/firefox-59.0.2+build1/ipc/chromium/src/chrome/common/ipc_channel_posix.cc, line 709
[Parent 7580, Gecko_IOThread] WARNING: pipe error: Broken pipe: file /build/firefox-BgGWsI/firefox-59.0.2+build1/ipc/chromium/src/chrome/common/ipc_channel_posix.cc, line 709
[Parent 7580, Gecko_IOThread] WARNING: pipe error: Broken pipe: file /build/firefox-BgGWsI/firefox-59.0.2+build1/ipc/chromium/src/chrome/common/ipc_channel_posix.cc, line 709
A content process crashed and MOZ_CRASHREPORTER_SHUTDOWN is set, shutting down
*** UTM:SVC TimerManager:registerTimer called after profile-before-change notification. Ignoring timer registration for id: telemetry_modules_ping
1525484895424	Marionette	INFO	Listening on port 41526
1525486917530	geckodriver	INFO	geckodriver 0.20.1
1525486917539	geckodriver	INFO	Listening on 127.0.0.1:52719
1525486918535	mozrunner::runner	INFO	Running command: "/usr/bin/firefox" "-marionette" "--headless" "-profile" "/tmp/rust_mozprofile.g7gjVyuAnnDj"
*** You are running in headless mode.
1525486919158	Marionette	INFO	Enabled via --marionette
1525486921648	Marionette	INFO	Listening on port 43994
1525486921792	Marionette	WARN	TLS certificate errors will be ignored for this session
1525486964495	geckodriver	INFO	geckodriver 0.20.1
1525486965586	geckodriver	INFO	Listening on 127.0.0.1:45876
1525487218493	geckodriver	INFO	geckodriver 0.20.1
1525487218493	geckodriver	INFO	geckodriver 0.20.1
1525487218493	geckodriver	INFO	geckodriver 0.20.1
1525487225817	geckodriver	INFO	Listening on 127.0.0.1:38796
1525487225378	geckodriver	INFO	Listening on 127.0.0.1:54115
1525487225378	geckodriver	INFO	Listening on 127.0.0.1:40960
1525487534471	mozrunner::runner	INFO	Running command: "/usr/bin/firefox" "-marionette" "--headless" "-profile" "/tmp/rust_mozprofile.XDM5zdqPI7Nv"
1525487535046	geckodriver	INFO	geckodriver 0.20.1
1525487535046	geckodriver	INFO	geckodriver 0.20.1
1525487535046	geckodriver	INFO	geckodriver 0.20.1
1525487535046	geckodriver	INFO	geckodriver 0.20.1
1525487535046	geckodriver	INFO	geckodriver 0.20.1
1525487535046	geckodriver	INFO	geckodriver 0.20.1
1525487535046	geckodriver	INFO	geckodriver 0.20.1
1525487535101	geckodriver	INFO	Listening on 127.0.0.1:38571
1525487535110	geckodriver	INFO	Listening on 127.0.0.1:50783
1525487535116	geckodriver	INFO	Listening on 127.0.0.1:60673
1525487535121	geckodriver	INFO	Listening on 127.0.0.1:36909
1525487535121	geckodriver	INFO	Listening on 127.0.0.1:57691
1525487535121	geckodriver	INFO	Listening on 127.0.0.1:46469
1525487535150	geckodriver	INFO	Listening on 127.0.0.1:38082
1525487535159	mozrunner::runner	INFO	Running command: "/usr/bin/firefox" "-marionette" "--headless" "-profile" "/tmp/rust_mozprofile.CE9HkQdWbEPW"
1525487535182	mozrunner::runner	INFO	Running command: "/usr/bin/firefox" "-marionette" "--headless" "-profile" "/tmp/rust_mozprofile.XelyeTTYUvam"
1525487535200	mozrunner::runner	INFO	Running command: "/usr/bin/firefox" "-marionette" "--headless" "-profile" "/tmp/rust_mozprofile.eLwqsVDmIah1"
1525487535979	mozrunner::runner	INFO	Running command: "/usr/bin/firefox" "-marionette" "--headless" "-profile" "/tmp/rust_mozprofile.Q83flB9Yj3TL"
1525487535987	mozrunner::runner	INFO	Running command: "/usr/bin/firefox" "-marionette" "--headless" "-profile" "/tmp/rust_mozprofile.G18rtBbjnx5q"
1525487536003	mozrunner::runner	INFO	Running command: "/usr/bin/firefox" "-marionette" "--headless" "-profile" "/tmp/rust_mozprofile.QPEWk19HAgz3"
1525487536023	mozrunner::runner	INFO	Running command: "/usr/bin/firefox" "-marionette" "--headless" "-profile" "/tmp/rust_mozprofile.Lt2ldxBXQoEt"
1525487536025	mozrunner::runner	INFO	Running command: "/usr/bin/firefox" "-marionette" "--headless" "-profile" "/tmp/rust_mozprofile.Hi2m3sQihNKJ"
1525487536026	mozrunner::runner	INFO	Running command: "/usr/bin/firefox" "-marionette" "--headless" "-profile" "/tmp/rust_mozprofile.a3nDckv9cf8G"
1525487536028	mozrunner::runner	INFO	Running command: "/usr/bin/firefox" "-marionette" "--headless" "-profile" "/tmp/rust_mozprofile.bM93q0aVu62O"
*** You are running in headless mode.
*** You are running in headless mode.
*** You are running in headless mode.
*** You are running in headless mode.
*** You are running in headless mode.
*** You are running in headless mode.
*** You are running in headless mode.
*** You are running in headless mode.
*** You are running in headless mode.
*** You are running in headless mode.
*** You are running in headless mode.
1525487542326	Marionette	INFO	Enabled via --marionette
1525487542336	Marionette	INFO	Enabled via --marionette
1525487542342	Marionette	INFO	Enabled via --marionette
1525487542382	Marionette	INFO	Enabled via --marionette
1525487542438	Marionette	INFO	Enabled via --marionette
1525487542528	Marionette	INFO	Enabled via --marionette
1525487542554	Marionette	INFO	Enabled via --marionette
1525487542560	Marionette	INFO	Enabled via --marionette
1525487542576	Marionette	INFO	Enabled via --marionette
1525487542576	Marionette	INFO	Enabled via --marionette
1525487542666	Marionette	INFO	Enabled via --marionette
1525487565520	Marionette	INFO	Listening on port 36848
1525487566116	Marionette	WARN	TLS certificate errors will be ignored for this session
1525487567518	Marionette	INFO	Listening on port 33684
1525487567690	Marionette	INFO	Listening on port 42788
1525487567766	Marionette	WARN	TLS certificate errors will be ignored for this session
1525487568022	Marionette	WARN	TLS certificate errors will be ignored for this session
1525487568138	Marionette	INFO	Listening on port 43117
1525487568542	Marionette	WARN	TLS certificate errors will be ignored for this session
1525487568558	Marionette	INFO	Listening on port 35780
1525487569254	Marionette	INFO	Listening on port 36002
1525487569254	Marionette	WARN	TLS certificate errors will be ignored for this session
1525487569268	Marionette	INFO	Listening on port 38375
1525487569410	Marionette	INFO	Listening on port 45098
1525487570000	Marionette	WARN	TLS certificate errors will be ignored for this session
1525487570042	Marionette	WARN	TLS certificate errors will be ignored for this session
1525487570136	Marionette	WARN	TLS certificate errors will be ignored for this session
1525487570634	Marionette	INFO	Listening on port 36977
1525487571134	Marionette	INFO	Listening on port 42187
1525487571172	Marionette	INFO	Listening on port 38797
1525487571212	Marionette	WARN	TLS certificate errors will be ignored for this session
1525487571376	Marionette	WARN	TLS certificate errors will be ignored for this session
1525487572222	Marionette	WARN	TLS certificate errors will be ignored for this session
1525489289561	geckodriver	INFO	geckodriver 0.20.1
1525489289574	geckodriver	INFO	Listening on 127.0.0.1:47518
1525489290553	mozrunner::runner	INFO	Running command: "/usr/bin/firefox" "-marionette" "--headless" "-profile" "/tmp/rust_mozprofile.sKH1JHp1d12v"
*** You are running in headless mode.
1525489291796	Marionette	INFO	Enabled via --marionette
1525489293544	Marionette	INFO	Listening on port 39755
1525489293566	Marionette	WARN	TLS certificate errors will be ignored for this session

###!!! [Child][MessageChannel] Error: (msgtype=0x47000F,name=PHttpChannel::Msg___delete__) Channel closing: too late to send/recv, messages will be lost

[Parent 2199, Gecko_IOThread] WARNING: pipe error (83): Connection reset by peer: file /build/firefox-BgGWsI/firefox-59.0.2+build1/ipc/chromium/src/chrome/common/ipc_channel_posix.cc, line 353
*** UTM:SVC TimerManager:registerTimer called after profile-before-change notification. Ignoring timer registration for id: telemetry_modules_ping
1525550882389	geckodriver	INFO	geckodriver 0.20.1
1525550882400	geckodriver	INFO	Listening on 127.0.0.1:35516
1525550883383	mozrunner::runner	INFO	Running command: "/usr/bin/firefox" "-marionette" "--headless" "-profile" "/tmp/rust_mozprofile.XUB26n797hkJ"
*** You are running in headless mode.
1525550884188	Marionette	INFO	Enabled via --marionette
1525550886460	Marionette	INFO	Listening on port 38421
1525550886550	Marionette	WARN	TLS certificate errors will be ignored for this session

###!!! [Child][RunMessage] Error: Channel closing: too late to send/recv, messages will be lost

*** UTM:SVC TimerManager:registerTimer called after profile-before-change notification. Ignoring timer registration for id: telemetry_modules_ping
